Построение начато 28.10.2020 16:16:12.
     1>Проект "D:\2 Семестр 1 курс\Программирование\LB4\LB4\LB4.vcxproj" в узле 2 (целевые объекты build).
     1>InitializeBuildStatus:
         Создание "Debug\LB4.unsuccessfulbuild", так как было задано "AlwaysCreate".
       ClCompile:
         d:\22222\VC\bin\CL.exe /c /ZI /nologo /W3 /WX- /Od /Oy- /D WIN32 /D _DEBUG /D _CONSOLE /D _UNICODE /D UNICODE /Gm /EHsc /RTC1 /MDd /GS /fp:precise /Zc:wchar_t /Zc:forScope /Fo"Debug\\" /Fd"Debug\vc100.pdb" /Gd /TP /analyze- /errorReport:prompt "C:\Users\Артём\Downloads\LB4.cpp"
         LB4.cpp
     1>c:\users\артём\downloads\lb4.cpp(22): warning C4244: аргумент: преобразование "time_t" в "unsigned int", возможна потеря данных
     1>c:\users\артём\downloads\lb4.cpp(65): warning C4996: 'getch': The POSIX name for this item is deprecated. Instead, use the ISO C++ conformant name: _getch. See online help for details.
                 d:\22222\vc\include\conio.h(128): см. объявление "getch"
       ManifestResourceCompile:
         Для всех выходных данных обновления не требуется.
       Link:
         d:\22222\VC\bin\link.exe /ERRORREPORT:PROMPT /OUT:"D:\2 Семестр 1 курс\Программирование\LB4\Debug\LB4.exe" /INCREMENTAL /NOLOGO kernel32.lib user32.lib gdi32.lib winspool.lib comdlg32.lib advapi32.lib shell32.lib ole32.lib oleaut32.lib uuid.lib odbc32.lib odbccp32.lib /MANIFEST /ManifestFile:"Debug\LB4.exe.intermediate.manifest" /MANIFESTUAC:"level='asInvoker' uiAccess='false'" /DEBUG /PDB:"D:\2 Семестр 1 курс\Программирование\LB4\Debug\LB4.pdb" /SUBSYSTEM:CONSOLE /TLBID:1 /DYNAMICBASE /NXCOMPAT /IMPLIB:"D:\2 Семестр 1 курс\Программирование\LB4\Debug\LB4.lib" /MACHINE:X86 Debug\LB4.exe.embed.manifest.res
         Debug\LB4.obj
       Manifest:
         C:\Program Files (x86)\Microsoft SDKs\Windows\v7.0A\bin\mt.exe /nologo /verbose /out:"Debug\LB4.exe.embed.manifest" /manifest Debug\LB4.exe.intermediate.manifest
         Для всех выходных данных обновления не требуется.
       LinkEmbedManifest:
         Для всех выходных данных обновления не требуется.
         LB4.vcxproj -> D:\2 Семестр 1 курс\Программирование\LB4\Debug\LB4.exe
       FinalizeBuildStatus:
         Файл "Debug\LB4.unsuccessfulbuild" удаляется.
         Обращение к "Debug\LB4.lastbuildstate".
     1>Построение проекта "D:\2 Семестр 1 курс\Программирование\LB4\LB4\LB4.vcxproj" завершено (целевые объекты build).

Построение успешно завершено.

Затраченное время: 00:00:08.37
